<!DOCTYPE html PUBLIC "-//W3C//DTD XHTML 1.1//EN" "http://www.w3.org/TR/xhtml11/DTD/xhtml11.dtd">
<html xmlns="http://www.w3.org/1999/xhtml"><head><title>TestNG Report</title><style type="text/css">table {margin-bottom:10px;border-collapse:collapse;empty-cells:show}th,td {border:1px solid #009;padding:.25em .5em}th {vertical-align:bottom}td {vertical-align:top}table a {font-weight:bold}.stripe td {background-color: #E6EBF9}.num {text-align:right}.passedodd td {background-color: #3F3}.passedeven td {background-color: #0A0}.skippedodd td {background-color: #DDD}.skippedeven td {background-color: #CCC}.failedodd td,.attn {background-color: #F33}.failedeven td,.stripe .attn {background-color: #D00}.stacktrace {white-space:pre;font-family:monospace}.totop {font-size:85%;text-align:center;border-bottom:2px solid #000}</style></head><body><table><tr><th>Test</th><th># Passed</th><th># Skipped</th><th># Failed</th><th>Time (ms)</th><th>Included Groups</th><th>Excluded Groups</th></tr><tr><th colspan="7">Default suite</th></tr><tr><td><a href="#t0">Default test</a></td><td class="num">0</td><td class="num">0</td><td class="num attn">1</td><td class="num">49,125</td><td></td><td></td></tr></table><table><thead><tr><th>Class</th><th>Method</th><th>Start</th><th>Time (ms)</th></tr></thead><tbody><tr><th colspan="4">Default suite</th></tr></tbody><tbody id="t0"><tr><th colspan="4">Default test &#8212; failed</th></tr><tr class="failedeven"><td rowspan="1">com.Vmetry.NTL.Testcases.HomePageTest</td><td><a href="#m0">Testhomepage</a></td><td rowspan="1">1474186903645</td><td rowspan="1">49078</td></tr></tbody></table><h2>Default test</h2><h3 id="m0">com.Vmetry.NTL.Testcases.HomePageTest#Testhomepage</h3><table class="result"><tr><th>Exception</th></tr><tr><td><div class="stacktrace">org.openqa.selenium.WebDriverException: Failed to connect to binary FirefoxBinary(C:\Program Files\Mozilla Firefox\firefox.exe) on port 7055; process output follows: 
active&quot;:false,&quot;userDisabled&quot;:true,&quot;appDisabled&quot;:false,&quot;descriptor&quot;:&quot;C:\\Program Files\\K7 Computing\\K7TSecurity\\K7SR\\K7WebProtection.xpi&quot;,&quot;installDate&quot;:1451992580000,&quot;updateDate&quot;:1451992580000,&quot;applyBackgroundUpdates&quot;:1,&quot;bootstrap&quot;:false,&quot;skinnable&quot;:false,&quot;size&quot;:256265,&quot;sourceURI&quot;:null,&quot;releaseNotesURI&quot;:null,&quot;softDisabled&quot;:false,&quot;foreignInstall&quot;:true,&quot;hasBinaryComponents&quot;:false,&quot;strictCompatibility&quot;:false,&quot;locales&quot;:[],&quot;targetApplications&quot;:[{&quot;id&quot;:&quot;{ec8030f7-c20a-464f-9b0e-13a3a9e97384}&quot;,&quot;minVersion&quot;:&quot;4.0&quot;,&quot;maxVersion&quot;:&quot;43.*&quot;}],&quot;targetPlatforms&quot;:[],&quot;multiprocessCompatible&quot;:false,&quot;signedState&quot;:2,&quot;seen&quot;:true}
1474186907386	DeferredSave.extensions.json	DEBUG	Save changes
1474186907386	addons.xpi	DEBUG	Updating database with changes to installed add-ons
1474186907386	addons.xpi-utils	DEBUG	Updating add-on states
1474186907388	addons.xpi-utils	DEBUG	Writing add-ons list
1474186907394	addons.xpi	DEBUG	Registering manifest for C:\Program Files\Mozilla Firefox\browser\features\e10srollout@mozilla.org.xpi
1474186907396	addons.xpi	DEBUG	Calling bootstrap method startup on e10srollout@mozilla.org version 1.1
1474186907397	addons.xpi	DEBUG	Registering manifest for C:\Program Files\Mozilla Firefox\browser\features\firefox@getpocket.com.xpi
1474186907399	addons.xpi	DEBUG	Calling bootstrap method startup on firefox@getpocket.com version 1.0.4
1474186907400	addons.xpi	DEBUG	Registering manifest for C:\Program Files\Mozilla Firefox\browser\features\loop@mozilla.org.xpi
1474186907402	addons.xpi	DEBUG	Calling bootstrap method startup on loop@mozilla.org version 1.4.4
1474186907457	addons.manager	DEBUG	Registering shutdown blocker for XPIProvider
1474186907458	addons.manager	DEBUG	Provider finished startup: XPIProvider
1474186907458	addons.manager	DEBUG	Starting provider: LightweightThemeManager
1474186907458	addons.manager	DEBUG	Registering shutdown blocker for LightweightThemeManager
1474186907458	addons.manager	DEBUG	Provider finished startup: LightweightThemeManager
1474186907460	addons.manager	DEBUG	Starting provider: GMPProvider
1474186907475	addons.manager	DEBUG	Registering shutdown blocker for GMPProvider
1474186907476	addons.manager	DEBUG	Provider finished startup: GMPProvider
1474186907476	addons.manager	DEBUG	Starting provider: PluginProvider
1474186907476	addons.manager	DEBUG	Registering shutdown blocker for PluginProvider
1474186907477	addons.manager	DEBUG	Provider finished startup: PluginProvider
1474186907478	addons.manager	DEBUG	Completed startup sequence
Crash Annotation GraphicsCriticalError: |[0][GFX1-]: CreateShaderResourceView failed for format87 (t=4.17806) [GFX1-]: CreateShaderResourceView failed for format87
Crash Annotation GraphicsCriticalError: |[0][GFX1-]: CreateShaderResourceView failed for format87 (t=4.17806) |[1][GFX1-]: CreateShaderResourceView failed for format61 (t=4.41386) [GFX1-]: CreateShaderResourceView failed for format61
1474186909613	addons.manager	DEBUG	Starting provider: &lt;unnamed-provider&gt;
1474186909613	addons.manager	DEBUG	Registering shutdown blocker for &lt;unnamed-provider&gt;
1474186909614	addons.manager	DEBUG	Provider finished startup: &lt;unnamed-provider&gt;
1474186910490	DeferredSave.extensions.json	DEBUG	Write succeeded
1474186910491	addons.xpi-utils	DEBUG	XPI Database saved, setting schema version preference to 17
1474186910491	DeferredSave.extensions.json	DEBUG	Starting timer
1474186910517	DeferredSave.extensions.json	DEBUG	Starting write
1474186910525	addons.repository	DEBUG	No addons.json found.
1474186910526	DeferredSave.addons.json	DEBUG	Save changes
1474186910534	DeferredSave.addons.json	DEBUG	Starting timer
1474186910597	addons.manager	DEBUG	Starting provider: PreviousExperimentProvider
1474186910598	addons.manager	DEBUG	Registering shutdown blocker for PreviousExperimentProvider
1474186910599	addons.manager	DEBUG	Provider finished startup: PreviousExperimentProvider
1474186910608	DeferredSave.addons.json	DEBUG	Starting write
1474186910627	DeferredSave.extensions.json	DEBUG	Write succeeded
1474186910721	DeferredSave.addons.json	DEBUG	Write succeeded

Build info: version: &apos;2.53.1&apos;, revision: &apos;a36b8b1cd5757287168e54b817830adce9b0158d&apos;, time: &apos;2016-06-30 19:26:09&apos;
System info: host: &apos;Admin-PC&apos;, ip: &apos;192.168.0.123&apos;, os.name: &apos;Windows 7&apos;, os.arch: &apos;x86&apos;, os.version: &apos;6.1&apos;, java.version: &apos;1.7.0_67&apos;
Driver info: driver.version: FirefoxDriver
	at org.openqa.selenium.firefox.internal.NewProfileExtensionConnection.start(NewProfileExtensionConnection.java:125)
	at org.openqa.selenium.firefox.FirefoxDriver.startClient(FirefoxDriver.java:271)
	at org.openqa.selenium.remote.RemoteWebDriver.&lt;init&gt;(RemoteWebDriver.java:119)
	at org.openqa.selenium.firefox.FirefoxDriver.&lt;init&gt;(FirefoxDriver.java:216)
	at org.openqa.selenium.firefox.FirefoxDriver.&lt;init&gt;(FirefoxDriver.java:211)
	at org.openqa.selenium.firefox.FirefoxDriver.&lt;init&gt;(FirefoxDriver.java:207)
	at org.openqa.selenium.firefox.FirefoxDriver.&lt;init&gt;(FirefoxDriver.java:120)
	at com.Vmetry.NTL.initialize.Initializer.intialize(Initializer.java:43)
	at com.Vmetry.NTL.Testcases.HomePageTest.Testhomepage(HomePageTest.java:18)
	at sun.reflect.NativeMethodAccessorImpl.invoke0(Native Method)
	at sun.reflect.NativeMethodAccessorImpl.invoke(Unknown Source)
	at sun.reflect.DelegatingMethodAccessorImpl.invoke(Unknown Source)
	at java.lang.reflect.Method.invoke(Unknown Source)
	at org.testng.internal.MethodInvocationHelper.invokeMethod(MethodInvocationHelper.java:84)
	at org.testng.internal.Invoker.invokeMethod(Invoker.java:714)
	at org.testng.internal.Invoker.invokeTestMethod(Invoker.java:901)
	at org.testng.internal.Invoker.invokeTestMethods(Invoker.java:1231)
	at org.testng.internal.TestMethodWorker.invokeTestMethods(TestMethodWorker.java:127)
	at org.testng.internal.TestMethodWorker.run(TestMethodWorker.java:111)
	at org.testng.TestRunner.privateRun(TestRunner.java:767)
	at org.testng.TestRunner.run(TestRunner.java:617)
	at org.testng.SuiteRunner.runTest(SuiteRunner.java:334)
	at org.testng.SuiteRunner.runSequentially(SuiteRunner.java:329)
	at org.testng.SuiteRunner.privateRun(SuiteRunner.java:291)
	at org.testng.SuiteRunner.run(SuiteRunner.java:240)
	at org.testng.SuiteRunnerWorker.runSuite(SuiteRunnerWorker.java:52)
	at org.testng.SuiteRunnerWorker.run(SuiteRunnerWorker.java:86)
	at org.testng.TestNG.runSuitesSequentially(TestNG.java:1224)
	at org.testng.TestNG.runSuitesLocally(TestNG.java:1149)
	at org.testng.TestNG.run(TestNG.java:1057)
	at org.testng.remote.RemoteTestNG.run(RemoteTestNG.java:111)
	at org.testng.remote.RemoteTestNG.initAndRun(RemoteTestNG.java:204)
	at org.testng.remote.RemoteTestNG.main(RemoteTestNG.java:175)
Caused by: org.openqa.selenium.firefox.NotConnectedException: Unable to connect to host 127.0.0.1 on port 7055 after 45000 ms. Firefox console output:
active&quot;:false,&quot;userDisabled&quot;:true,&quot;appDisabled&quot;:false,&quot;descriptor&quot;:&quot;C:\\Program Files\\K7 Computing\\K7TSecurity\\K7SR\\K7WebProtection.xpi&quot;,&quot;installDate&quot;:1451992580000,&quot;updateDate&quot;:1451992580000,&quot;applyBackgroundUpdates&quot;:1,&quot;bootstrap&quot;:false,&quot;skinnable&quot;:false,&quot;size&quot;:256265,&quot;sourceURI&quot;:null,&quot;releaseNotesURI&quot;:null,&quot;softDisabled&quot;:false,&quot;foreignInstall&quot;:true,&quot;hasBinaryComponents&quot;:false,&quot;strictCompatibility&quot;:false,&quot;locales&quot;:[],&quot;targetApplications&quot;:[{&quot;id&quot;:&quot;{ec8030f7-c20a-464f-9b0e-13a3a9e97384}&quot;,&quot;minVersion&quot;:&quot;4.0&quot;,&quot;maxVersion&quot;:&quot;43.*&quot;}],&quot;targetPlatforms&quot;:[],&quot;multiprocessCompatible&quot;:false,&quot;signedState&quot;:2,&quot;seen&quot;:true}
1474186907386	DeferredSave.extensions.json	DEBUG	Save changes
1474186907386	addons.xpi	DEBUG	Updating database with changes to installed add-ons
1474186907386	addons.xpi-utils	DEBUG	Updating add-on states
1474186907388	addons.xpi-utils	DEBUG	Writing add-ons list
1474186907394	addons.xpi	DEBUG	Registering manifest for C:\Program Files\Mozilla Firefox\browser\features\e10srollout@mozilla.org.xpi
1474186907396	addons.xpi	DEBUG	Calling bootstrap method startup on e10srollout@mozilla.org version 1.1
1474186907397	addons.xpi	DEBUG	Registering manifest for C:\Program Files\Mozilla Firefox\browser\features\firefox@getpocket.com.xpi
1474186907399	addons.xpi	DEBUG	Calling bootstrap method startup on firefox@getpocket.com version 1.0.4
1474186907400	addons.xpi	DEBUG	Registering manifest for C:\Program Files\Mozilla Firefox\browser\features\loop@mozilla.org.xpi
1474186907402	addons.xpi	DEBUG	Calling bootstrap method startup on loop@mozilla.org version 1.4.4
1474186907457	addons.manager	DEBUG	Registering shutdown blocker for XPIProvider
1474186907458	addons.manager	DEBUG	Provider finished startup: XPIProvider
1474186907458	addons.manager	DEBUG	Starting provider: LightweightThemeManager
1474186907458	addons.manager	DEBUG	Registering shutdown blocker for LightweightThemeManager
1474186907458	addons.manager	DEBUG	Provider finished startup: LightweightThemeManager
1474186907460	addons.manager	DEBUG	Starting provider: GMPProvider
1474186907475	addons.manager	DEBUG	Registering shutdown blocker for GMPProvider
1474186907476	addons.manager	DEBUG	Provider finished startup: GMPProvider
1474186907476	addons.manager	DEBUG	Starting provider: PluginProvider
1474186907476	addons.manager	DEBUG	Registering shutdown blocker for PluginProvider
1474186907477	addons.manager	DEBUG	Provider finished startup: PluginProvider
1474186907478	addons.manager	DEBUG	Completed startup sequence
Crash Annotation GraphicsCriticalError: |[0][GFX1-]: CreateShaderResourceView failed for format87 (t=4.17806) [GFX1-]: CreateShaderResourceView failed for format87
Crash Annotation GraphicsCriticalError: |[0][GFX1-]: CreateShaderResourceView failed for format87 (t=4.17806) |[1][GFX1-]: CreateShaderResourceView failed for format61 (t=4.41386) [GFX1-]: CreateShaderResourceView failed for format61
1474186909613	addons.manager	DEBUG	Starting provider: &lt;unnamed-provider&gt;
1474186909613	addons.manager	DEBUG	Registering shutdown blocker for &lt;unnamed-provider&gt;
1474186909614	addons.manager	DEBUG	Provider finished startup: &lt;unnamed-provider&gt;
1474186910490	DeferredSave.extensions.json	DEBUG	Write succeeded
1474186910491	addons.xpi-utils	DEBUG	XPI Database saved, setting schema version preference to 17
1474186910491	DeferredSave.extensions.json	DEBUG	Starting timer
1474186910517	DeferredSave.extensions.json	DEBUG	Starting write
1474186910525	addons.repository	DEBUG	No addons.json found.
1474186910526	DeferredSave.addons.json	DEBUG	Save changes
1474186910534	DeferredSave.addons.json	DEBUG	Starting timer
1474186910597	addons.manager	DEBUG	Starting provider: PreviousExperimentProvider
1474186910598	addons.manager	DEBUG	Registering shutdown blocker for PreviousExperimentProvider
1474186910599	addons.manager	DEBUG	Provider finished startup: PreviousExperimentProvider
1474186910608	DeferredSave.addons.json	DEBUG	Starting write
1474186910627	DeferredSave.extensions.json	DEBUG	Write succeeded
1474186910721	DeferredSave.addons.json	DEBUG	Write succeeded

	at org.openqa.selenium.firefox.internal.NewProfileExtensionConnection.start(NewProfileExtensionConnection.java:113)
	... 32 more
</div></td></tr></table><p class="totop"><a href="#summary">back to summary</a></p></body></html>